# JRE version: OpenJDK Runtime Environment (21.0.9+10) (build 21.0.9+10-Ubuntu-124.04)
# Java VM: OpenJDK 64-Bit Server VM (21.0.9+10-Ubuntu-124.04, mixed mode, sharing, tiered, compressed oops, compressed class ptrs, parallel gc, linux-amd64)
GC Precious Log:
 CardTable entry size: 512
 CPUs: 4 total, 4 available
 Memory: 11960M
 Large Page Support: Disabled
 NUMA Support: Disabled
 Compressed Oops: Enabled (32-bit)
 Alignments: Space 512K, Generation 512K, Heap 2M
 Heap Min Capacity: 100M
 Heap Initial Capacity: 100M
 Heap Max Capacity: 2G
 Pre-touch: Disabled
 Parallel Workers: 4
Heap:
 PSYoungGen      total 24064K, used 4390K [0x00000000d5580000, 0x00000000d7080000, 0x0000000100000000)
  eden space 22016K, 10% used [0x00000000d5580000,0x00000000d57d9ac0,0x00000000d6b00000)
  from space 2048K, 96% used [0x00000000d6e80000,0x00000000d7070010,0x00000000d7080000)
  to   space 2560K, 0% used [0x00000000d6b80000,0x00000000d6b80000,0x00000000d6e00000)
 ParOldGen       total 68608K, used 26389K [0x0000000080000000, 0x0000000084300000, 0x00000000d5580000)
  object space 68608K, 38% used [0x0000000080000000,0x00000000819c5580,0x0000000084300000)
 Metaspace       used 14992K, committed 15744K, reserved 1114112K
  class space    used 1360K, committed 1664K, reserved 1048576K
GC Heap History (20 events):
Event: 1.693 GC heap before
{Heap before GC invocations=9 (full 0):
 PSYoungGen      total 27136K, used 27035K [0x00000000d5580000, 0x00000000d7600000, 0x0000000100000000)
  eden space 23552K, 100% used [0x00000000d5580000,0x00000000d6c80000,0x00000000d6c80000)
  from space 3584K, 97% used [0x00000000d7280000,0x00000000d75e6d10,0x00000000d7600000)
  to   space 4096K, 0% used [0x00000000d6e00000,0x00000000d6e00000,0x00000000d7200000)
 ParOldGen       total 68608K, used 10499K [0x0000000080000000, 0x0000000084300000, 0x00000000d5580000)
  object space 68608K, 15% used [0x0000000080000000,0x0000000080a40ca8,0x0000000084300000)
 Metaspace       used 11112K, committed 11648K, reserved 1114112K
  class space    used 970K, committed 1216K, reserved 1048576K
}
Event: 1.698 GC heap after
{Heap after GC invocations=9 (full 0):
 PSYoungGen      total 26624K, used 3323K [0x00000000d5580000, 0x00000000d7300000, 0x0000000100000000)
  eden space 23040K, 0% used [0x00000000d5580000,0x00000000d5580000,0x00000000d6c00000)
  from space 3584K, 92% used [0x00000000d6e00000,0x00000000d713ed10,0x00000000d7180000)
  to   space 1536K, 0% used [0x00000000d7180000,0x00000000d7180000,0x00000000d7300000)
 ParOldGen       total 68608K, used 13093K [0x0000000080000000, 0x0000000084300000, 0x00000000d5580000)
  object space 68608K, 19% used [0x0000000080000000,0x0000000080cc9488,0x0000000084300000)
 Metaspace       used 11112K, committed 11648K, reserved 1114112K
  class space    used 970K, committed 1216K, reserved 1048576K
}
Event: 1.787 GC heap before
{Heap before GC invocations=10 (full 0):
 PSYoungGen      total 26624K, used 26363K [0x00000000d5580000, 0x00000000d7300000, 0x0000000100000000)
  eden space 23040K, 100% used [0x00000000d5580000,0x00000000d6c00000,0x00000000d6c00000)
  from space 3584K, 92% used [0x00000000d6e00000,0x00000000d713ed10,0x00000000d7180000)
  to   space 1536K, 0% used [0x00000000d7180000,0x00000000d7180000,0x00000000d7300000)
 ParOldGen       total 68608K, used 13093K [0x0000000080000000, 0x0000000084300000, 0x00000000d5580000)
  object space 68608K, 19% used [0x0000000080000000,0x0000000080cc9488,0x0000000084300000)
 Metaspace       used 11520K, committed 12160K, reserved 1114112K
  class space    used 1010K, committed 1280K, reserved 1048576K
}
Event: 1.791 GC heap after
{Heap after GC invocations=10 (full 0):
 PSYoungGen      total 24064K, used 1513K [0x00000000d5580000, 0x00000000d7680000, 0x0000000100000000)
  eden space 22528K, 0% used [0x00000000d5580000,0x00000000d5580000,0x00000000d6b80000)
  from space 1536K, 98% used [0x00000000d7180000,0x00000000d72fa418,0x00000000d7300000)
  to   space 5632K, 0% used [0x00000000d6b80000,0x00000000d6b80000,0x00000000d7100000)
 ParOldGen       total 68608K, used 16565K [0x0000000080000000, 0x0000000084300000, 0x00000000d5580000)
  object space 68608K, 24% used [0x0000000080000000,0x000000008102d6c0,0x0000000084300000)
 Metaspace       used 11520K, committed 12160K, reserved 1114112K
  class space    used 1010K, committed 1280K, reserved 1048576K
}
Event: 1.858 GC heap before
{Heap before GC invocations=11 (full 0):
 PSYoungGen      total 24064K, used 24041K [0x00000000d5580000, 0x00000000d7680000, 0x0000000100000000)
  eden space 22528K, 100% used [0x00000000d5580000,0x00000000d6b80000,0x00000000d6b80000)
  from space 1536K, 98% used [0x00000000d7180000,0x00000000d72fa418,0x00000000d7300000)
  to   space 5632K, 0% used [0x00000000d6b80000,0x00000000d6b80000,0x00000000d7100000)
 ParOldGen       total 68608K, used 16565K [0x0000000080000000, 0x0000000084300000, 0x00000000d5580000)
  object space 68608K, 24% used [0x0000000080000000,0x000000008102d6c0,0x0000000084300000)
 Metaspace       used 11827K, committed 12544K, reserved 1114112K
  class space    used 1044K, committed 1344K, reserved 1048576K
}
Event: 1.867 GC heap after
{Heap after GC invocations=11 (full 0):
 PSYoungGen      total 24064K, used 2048K [0x00000000d5580000, 0x00000000d7200000, 0x0000000100000000)
  eden space 22016K, 0% used [0x00000000d5580000,0x00000000d5580000,0x00000000d6b00000)
  from space 2048K, 100% used [0x00000000d6b80000,0x00000000d6d80000,0x00000000d6d80000)
  to   space 3584K, 0% used [0x00000000d6e80000,0x00000000d6e80000,0x00000000d7200000)
 ParOldGen       total 68608K, used 17966K [0x0000000080000000, 0x0000000084300000, 0x00000000d5580000)
  object space 68608K, 26% used [0x0000000080000000,0x000000008118bb68,0x0000000084300000)
 Metaspace       used 11827K, committed 12544K, reserved 1114112K
  class space    used 1044K, committed 1344K, reserved 1048576K
}
Event: 1.949 GC heap before
{Heap before GC invocations=12 (full 0):
 PSYoungGen      total 24064K, used 24064K [0x00000000d5580000, 0x00000000d7200000, 0x0000000100000000)
  eden space 22016K, 100% used [0x00000000d5580000,0x00000000d6b00000,0x00000000d6b00000)
  from space 2048K, 100% used [0x00000000d6b80000,0x00000000d6d80000,0x00000000d6d80000)
  to   space 3584K, 0% used [0x00000000d6e80000,0x00000000d6e80000,0x00000000d7200000)
 ParOldGen       total 68608K, used 17966K [0x0000000080000000, 0x0000000084300000, 0x00000000d5580000)
  object space 68608K, 26% used [0x0000000080000000,0x000000008118bb68,0x0000000084300000)
 Metaspace       used 12149K, committed 12800K, reserved 1114112K
  class space    used 1083K, committed 1344K, reserved 1048576K
}
Event: 1.952 GC heap after
{Heap after GC invocations=12 (full 0):
 PSYoungGen      total 23552K, used 1085K [0x00000000d5580000, 0x00000000d7000000, 0x0000000100000000)
  eden space 22016K, 0% used [0x00000000d5580000,0x00000000d5580000,0x00000000d6b00000)
  from space 1536K, 70% used [0x00000000d6e80000,0x00000000d6f8f620,0x00000000d7000000)
  to   space 2048K, 0% used [0x00000000d6c00000,0x00000000d6c00000,0x00000000d6e00000)
 ParOldGen       total 68608K, used 19838K [0x0000000080000000, 0x0000000084300000, 0x00000000d5580000)
  object space 68608K, 28% used [0x0000000080000000,0x000000008135fb78,0x0000000084300000)
 Metaspace       used 12149K, committed 12800K, reserved 1114112K
  class space    used 1083K, committed 1344K, reserved 1048576K
}
Event: 2.054 GC heap before
{Heap before GC invocations=13 (full 0):
 PSYoungGen      total 23552K, used 23101K [0x00000000d5580000, 0x00000000d7000000, 0x0000000100000000)
  eden space 22016K, 100% used [0x00000000d5580000,0x00000000d6b00000,0x00000000d6b00000)
  from space 1536K, 70% used [0x00000000d6e80000,0x00000000d6f8f620,0x00000000d7000000)
  to   space 2048K, 0% used [0x00000000d6c00000,0x00000000d6c00000,0x00000000d6e00000)
 ParOldGen       total 68608K, used 19838K [0x0000000080000000, 0x0000000084300000, 0x00000000d5580000)
  object space 68608K, 28% used [0x0000000080000000,0x000000008135fb78,0x0000000084300000)
 Metaspace       used 12634K, committed 13312K, reserved 1114112K
  class space    used 1104K, committed 1408K, reserved 1048576K
}
Event: 2.057 GC heap after
{Heap after GC invocations=13 (full 0):
 PSYoungGen      total 24064K, used 608K [0x00000000d5580000, 0x00000000d6f00000, 0x0000000100000000)
  eden space 22016K, 0% used [0x00000000d5580000,0x00000000d5580000,0x00000000d6b00000)
  from space 2048K, 29% used [0x00000000d6c00000,0x00000000d6c98000,0x00000000d6e00000)
  to   space 1024K, 0% used [0x00000000d6e00000,0x00000000d6e00000,0x00000000d6f00000)
 ParOldGen       total 68608K, used 20682K [0x0000000080000000, 0x0000000084300000, 0x00000000d5580000)
  object space 68608K, 30% used [0x0000000080000000,0x0000000081432b98,0x0000000084300000)
 Metaspace       used 12634K, committed 13312K, reserved 1114112K
  class space    used 1104K, committed 1408K, reserved 1048576K
}
Event: 2.149 GC heap before
{Heap before GC invocations=14 (full 0):
 PSYoungGen      total 24064K, used 22624K [0x00000000d5580000, 0x00000000d6f00000, 0x0000000100000000)
  eden space 22016K, 100% used [0x00000000d5580000,0x00000000d6b00000,0x00000000d6b00000)
  from space 2048K, 29% used [0x00000000d6c00000,0x00000000d6c98000,0x00000000d6e00000)
  to   space 1024K, 0% used [0x00000000d6e00000,0x00000000d6e00000,0x00000000d6f00000)
 ParOldGen       total 68608K, used 20682K [0x0000000080000000, 0x0000000084300000, 0x00000000d5580000)
  object space 68608K, 30% used [0x0000000080000000,0x0000000081432b98,0x0000000084300000)
 Metaspace       used 12770K, committed 13440K, reserved 1114112K
  class space    used 1106K, committed 1408K, reserved 1048576K
}
Event: 2.153 GC heap after
{Heap after GC invocations=14 (full 0):
 PSYoungGen      total 23040K, used 1001K [0x00000000d5580000, 0x00000000d6f00000, 0x0000000100000000)
  eden space 22016K, 0% used [0x00000000d5580000,0x00000000d5580000,0x00000000d6b00000)
  from space 1024K, 97% used [0x00000000d6e00000,0x00000000d6efa490,0x00000000d6f00000)
  to   space 2048K, 0% used [0x00000000d6b00000,0x00000000d6b00000,0x00000000d6d00000)
 ParOldGen       total 68608K, used 21275K [0x0000000080000000, 0x0000000084300000, 0x00000000d5580000)
  object space 68608K, 31% used [0x0000000080000000,0x00000000814c6df0,0x0000000084300000)
 Metaspace       used 12770K, committed 13440K, reserved 1114112K
  class space    used 1106K, committed 1408K, reserved 1048576K
}
Event: 2.337 GC heap before
{Heap before GC invocations=15 (full 0):
 PSYoungGen      total 23040K, used 23017K [0x00000000d5580000, 0x00000000d6f00000, 0x0000000100000000)
  eden space 22016K, 100% used [0x00000000d5580000,0x00000000d6b00000,0x00000000d6b00000)
  from space 1024K, 97% used [0x00000000d6e00000,0x00000000d6efa490,0x00000000d6f00000)
  to   space 2048K, 0% used [0x00000000d6b00000,0x00000000d6b00000,0x00000000d6d00000)
 ParOldGen       total 68608K, used 21275K [0x0000000080000000, 0x0000000084300000, 0x00000000d5580000)
  object space 68608K, 31% used [0x0000000080000000,0x00000000814c6df0,0x0000000084300000)
 Metaspace       used 13820K, committed 14464K, reserved 1114112K
  class space    used 1243K, committed 1536K, reserved 1048576K
}
Event: 2.342 GC heap after
{Heap after GC invocations=15 (full 0):
 PSYoungGen      total 24064K, used 1408K [0x00000000d5580000, 0x00000000d6e80000, 0x0000000100000000)
  eden space 22016K, 0% used [0x00000000d5580000,0x00000000d5580000,0x00000000d6b00000)
  from space 2048K, 68% used [0x00000000d6b00000,0x00000000d6c60000,0x00000000d6d00000)
  to   space 1536K, 0% used [0x00000000d6d00000,0x00000000d6d00000,0x00000000d6e80000)
 ParOldGen       total 68608K, used 22187K [0x0000000080000000, 0x0000000084300000, 0x00000000d5580000)
  object space 68608K, 32% used [0x0000000080000000,0x00000000815aad48,0x0000000084300000)
 Metaspace       used 13820K, committed 14464K, reserved 1114112K
  class space    used 1243K, committed 1536K, reserved 1048576K
}
Event: 2.972 GC heap before
{Heap before GC invocations=16 (full 0):
 PSYoungGen      total 24064K, used 23424K [0x00000000d5580000, 0x00000000d6e80000, 0x0000000100000000)
  eden space 22016K, 100% used [0x00000000d5580000,0x00000000d6b00000,0x00000000d6b00000)
  from space 2048K, 68% used [0x00000000d6b00000,0x00000000d6c60000,0x00000000d6d00000)
  to   space 1536K, 0% used [0x00000000d6d00000,0x00000000d6d00000,0x00000000d6e80000)
 ParOldGen       total 68608K, used 22187K [0x0000000080000000, 0x0000000084300000, 0x00000000d5580000)
  object space 68608K, 32% used [0x0000000080000000,0x00000000815aad48,0x0000000084300000)
 Metaspace       used 14572K, committed 15296K, reserved 1114112K
  class space    used 1318K, committed 1664K, reserved 1048576K
}
Event: 2.978 GC heap after
{Heap after GC invocations=16 (full 0):
 PSYoungGen      total 23552K, used 1257K [0x00000000d5580000, 0x00000000d6e80000, 0x0000000100000000)
  eden space 22016K, 0% used [0x00000000d5580000,0x00000000d5580000,0x00000000d6b00000)
  from space 1536K, 81% used [0x00000000d6d00000,0x00000000d6e3a5f0,0x00000000d6e80000)
  to   space 1536K, 0% used [0x00000000d6b80000,0x00000000d6b80000,0x00000000d6d00000)
 ParOldGen       total 68608K, used 23517K [0x0000000080000000, 0x0000000084300000, 0x00000000d5580000)
  object space 68608K, 34% used [0x0000000080000000,0x00000000816f7408,0x0000000084300000)
 Metaspace       used 14572K, committed 15296K, reserved 1114112K
  class space    used 1318K, committed 1664K, reserved 1048576K
}
Event: 3.216 GC heap before
{Heap before GC invocations=17 (full 0):
 PSYoungGen      total 23552K, used 23273K [0x00000000d5580000, 0x00000000d6e80000, 0x0000000100000000)
  eden space 22016K, 100% used [0x00000000d5580000,0x00000000d6b00000,0x00000000d6b00000)
  from space 1536K, 81% used [0x00000000d6d00000,0x00000000d6e3a5f0,0x00000000d6e80000)
  to   space 1536K, 0% used [0x00000000d6b80000,0x00000000d6b80000,0x00000000d6d00000)
 ParOldGen       total 68608K, used 23517K [0x0000000080000000, 0x0000000084300000, 0x00000000d5580000)
  object space 68608K, 34% used [0x0000000080000000,0x00000000816f7408,0x0000000084300000)
 Metaspace       used 14944K, committed 15680K, reserved 1114112K
  class space    used 1352K, committed 1664K, reserved 1048576K
}
Event: 3.221 GC heap after
{Heap after GC invocations=17 (full 0):
 PSYoungGen      total 23552K, used 1504K [0x00000000d5580000, 0x00000000d7200000, 0x0000000100000000)
  eden space 22016K, 0% used [0x00000000d5580000,0x00000000d5580000,0x00000000d6b00000)
  from space 1536K, 97% used [0x00000000d6b80000,0x00000000d6cf8030,0x00000000d6d00000)
  to   space 3584K, 0% used [0x00000000d6e80000,0x00000000d6e80000,0x00000000d7200000)
 ParOldGen       total 68608K, used 24915K [0x0000000080000000, 0x0000000084300000, 0x00000000d5580000)
  object space 68608K, 36% used [0x0000000080000000,0x0000000081854c30,0x0000000084300000)
 Metaspace       used 14944K, committed 15680K, reserved 1114112K
  class space    used 1352K, committed 1664K, reserved 1048576K
}
Event: 3.249 GC heap before
{Heap before GC invocations=18 (full 0):
 PSYoungGen      total 23552K, used 23520K [0x00000000d5580000, 0x00000000d7200000, 0x0000000100000000)
  eden space 22016K, 100% used [0x00000000d5580000,0x00000000d6b00000,0x00000000d6b00000)
  from space 1536K, 97% used [0x00000000d6b80000,0x00000000d6cf8030,0x00000000d6d00000)
  to   space 3584K, 0% used [0x00000000d6e80000,0x00000000d6e80000,0x00000000d7200000)
 ParOldGen       total 68608K, used 24915K [0x0000000080000000, 0x0000000084300000, 0x00000000d5580000)
  object space 68608K, 36% used [0x0000000080000000,0x0000000081854c30,0x0000000084300000)
 Metaspace       used 14946K, committed 15680K, reserved 1114112K
  class space    used 1352K, committed 1664K, reserved 1048576K
}
Event: 3.254 GC heap after
{Heap after GC invocations=18 (full 0):
 PSYoungGen      total 24064K, used 1984K [0x00000000d5580000, 0x00000000d7080000, 0x0000000100000000)
  eden space 22016K, 0% used [0x00000000d5580000,0x00000000d5580000,0x00000000d6b00000)
  from space 2048K, 96% used [0x00000000d6e80000,0x00000000d7070010,0x00000000d7080000)
  to   space 2560K, 0% used [0x00000000d6b80000,0x00000000d6b80000,0x00000000d6e00000)
 ParOldGen       total 68608K, used 26389K [0x0000000080000000, 0x0000000084300000, 0x00000000d5580000)
  object space 68608K, 38% used [0x0000000080000000,0x00000000819c5580,0x0000000084300000)
 Metaspace       used 14946K, committed 15680K, reserved 1114112K
  class space    used 1352K, committed 1664K, reserved 1048576K
}

