# JRE version: OpenJDK Runtime Environment (21.0.9+10) (build 21.0.9+10-Ubuntu-124.04)
# Java VM: OpenJDK 64-Bit Server VM (21.0.9+10-Ubuntu-124.04, mixed mode, sharing, tiered, compressed oops, compressed class ptrs, parallel gc, linux-amd64)
GC Precious Log:
 CardTable entry size: 512
 CPUs: 4 total, 4 available
 Memory: 11960M
 Large Page Support: Disabled
 NUMA Support: Disabled
 Compressed Oops: Enabled (32-bit)
 Alignments: Space 512K, Generation 512K, Heap 2M
 Heap Min Capacity: 100M
 Heap Initial Capacity: 100M
 Heap Max Capacity: 2G
 Pre-touch: Disabled
 Parallel Workers: 4
Heap:
 PSYoungGen      total 23552K, used 4127K [0x00000000d5580000, 0x00000000d7100000, 0x0000000100000000)
  eden space 22016K, 11% used [0x00000000d5580000,0x00000000d5807d28,0x00000000d6b00000)
  from space 1536K, 100% used [0x00000000d6e80000,0x00000000d7000000,0x00000000d7000000)
  to   space 3072K, 0% used [0x00000000d6b00000,0x00000000d6b00000,0x00000000d6e00000)
 ParOldGen       total 68608K, used 23513K [0x0000000080000000, 0x0000000084300000, 0x00000000d5580000)
  object space 68608K, 34% used [0x0000000080000000,0x00000000816f6510,0x0000000084300000)
 Metaspace       used 14065K, committed 14784K, reserved 1114112K
  class space    used 1263K, committed 1600K, reserved 1048576K
GC Heap History (20 events):
Event: 1.868 GC heap before
{Heap before GC invocations=7 (full 0):
 PSYoungGen      total 29696K, used 29583K [0x00000000d5580000, 0x00000000d7880000, 0x0000000100000000)
  eden space 24576K, 100% used [0x00000000d5580000,0x00000000d6d80000,0x00000000d6d80000)
  from space 5120K, 97% used [0x00000000d7380000,0x00000000d7863f98,0x00000000d7880000)
  to   space 5632K, 0% used [0x00000000d6d80000,0x00000000d6d80000,0x00000000d7300000)
 ParOldGen       total 68608K, used 8206K [0x0000000080000000, 0x0000000084300000, 0x00000000d5580000)
  object space 68608K, 11% used [0x0000000080000000,0x00000000808039a8,0x0000000084300000)
 Metaspace       used 9299K, committed 9920K, reserved 1114112K
  class space    used 819K, committed 1088K, reserved 1048576K
}
Event: 1.876 GC heap after
{Heap after GC invocations=7 (full 0):
 PSYoungGen      total 29184K, used 4941K [0x00000000d5580000, 0x00000000d7700000, 0x0000000100000000)
  eden space 24064K, 0% used [0x00000000d5580000,0x00000000d5580000,0x00000000d6d00000)
  from space 5120K, 96% used [0x00000000d6d80000,0x00000000d7253558,0x00000000d7280000)
  to   space 4608K, 0% used [0x00000000d7280000,0x00000000d7280000,0x00000000d7700000)
 ParOldGen       total 68608K, used 9510K [0x0000000080000000, 0x0000000084300000, 0x00000000d5580000)
  object space 68608K, 13% used [0x0000000080000000,0x0000000080949818,0x0000000084300000)
 Metaspace       used 9299K, committed 9920K, reserved 1114112K
  class space    used 819K, committed 1088K, reserved 1048576K
}
Event: 1.964 GC heap before
{Heap before GC invocations=8 (full 0):
 PSYoungGen      total 29184K, used 28708K [0x00000000d5580000, 0x00000000d7700000, 0x0000000100000000)
  eden space 24064K, 98% used [0x00000000d5580000,0x00000000d6cb5cc8,0x00000000d6d00000)
  from space 5120K, 96% used [0x00000000d6d80000,0x00000000d7253558,0x00000000d7280000)
  to   space 4608K, 0% used [0x00000000d7280000,0x00000000d7280000,0x00000000d7700000)
 ParOldGen       total 68608K, used 9510K [0x0000000080000000, 0x0000000084300000, 0x00000000d5580000)
  object space 68608K, 13% used [0x0000000080000000,0x0000000080949818,0x0000000084300000)
 Metaspace       used 10777K, committed 11392K, reserved 1114112K
  class space    used 947K, committed 1216K, reserved 1048576K
}
Event: 1.971 GC heap after
{Heap after GC invocations=8 (full 0):
 PSYoungGen      total 27136K, used 3490K [0x00000000d5580000, 0x00000000d7600000, 0x0000000100000000)
  eden space 23552K, 0% used [0x00000000d5580000,0x00000000d5580000,0x00000000d6c80000)
  from space 3584K, 97% used [0x00000000d7280000,0x00000000d75e8848,0x00000000d7600000)
  to   space 4096K, 0% used [0x00000000d6e00000,0x00000000d6e00000,0x00000000d7200000)
 ParOldGen       total 68608K, used 10550K [0x0000000080000000, 0x0000000084300000, 0x00000000d5580000)
  object space 68608K, 15% used [0x0000000080000000,0x0000000080a4db88,0x0000000084300000)
 Metaspace       used 10777K, committed 11392K, reserved 1114112K
  class space    used 947K, committed 1216K, reserved 1048576K
}
Event: 2.080 GC heap before
{Heap before GC invocations=9 (full 0):
 PSYoungGen      total 27136K, used 27042K [0x00000000d5580000, 0x00000000d7600000, 0x0000000100000000)
  eden space 23552K, 100% used [0x00000000d5580000,0x00000000d6c80000,0x00000000d6c80000)
  from space 3584K, 97% used [0x00000000d7280000,0x00000000d75e8848,0x00000000d7600000)
  to   space 4096K, 0% used [0x00000000d6e00000,0x00000000d6e00000,0x00000000d7200000)
 ParOldGen       total 68608K, used 10550K [0x0000000080000000, 0x0000000084300000, 0x00000000d5580000)
  object space 68608K, 15% used [0x0000000080000000,0x0000000080a4db88,0x0000000084300000)
 Metaspace       used 11157K, committed 11776K, reserved 1114112K
  class space    used 971K, committed 1216K, reserved 1048576K
}
Event: 2.092 GC heap after
{Heap after GC invocations=9 (full 0):
 PSYoungGen      total 26624K, used 3357K [0x00000000d5580000, 0x00000000d7300000, 0x0000000100000000)
  eden space 23040K, 0% used [0x00000000d5580000,0x00000000d5580000,0x00000000d6c00000)
  from space 3584K, 93% used [0x00000000d6e00000,0x00000000d71476e8,0x00000000d7180000)
  to   space 1536K, 0% used [0x00000000d7180000,0x00000000d7180000,0x00000000d7300000)
 ParOldGen       total 68608K, used 13126K [0x0000000080000000, 0x0000000084300000, 0x00000000d5580000)
  object space 68608K, 19% used [0x0000000080000000,0x0000000080cd1828,0x0000000084300000)
 Metaspace       used 11157K, committed 11776K, reserved 1114112K
  class space    used 971K, committed 1216K, reserved 1048576K
}
Event: 2.243 GC heap before
{Heap before GC invocations=10 (full 0):
 PSYoungGen      total 26624K, used 26397K [0x00000000d5580000, 0x00000000d7300000, 0x0000000100000000)
  eden space 23040K, 99% used [0x00000000d5580000,0x00000000d6bfffc8,0x00000000d6c00000)
  from space 3584K, 93% used [0x00000000d6e00000,0x00000000d71476e8,0x00000000d7180000)
  to   space 1536K, 0% used [0x00000000d7180000,0x00000000d7180000,0x00000000d7300000)
 ParOldGen       total 68608K, used 13126K [0x0000000080000000, 0x0000000084300000, 0x00000000d5580000)
  object space 68608K, 19% used [0x0000000080000000,0x0000000080cd1828,0x0000000084300000)
 Metaspace       used 11563K, committed 12160K, reserved 1114112K
  class space    used 1012K, committed 1280K, reserved 1048576K
}
Event: 2.250 GC heap after
{Heap after GC invocations=10 (full 0):
 PSYoungGen      total 24064K, used 1514K [0x00000000d5580000, 0x00000000d7680000, 0x0000000100000000)
  eden space 22528K, 0% used [0x00000000d5580000,0x00000000d5580000,0x00000000d6b80000)
  from space 1536K, 98% used [0x00000000d7180000,0x00000000d72faa38,0x00000000d7300000)
  to   space 5632K, 0% used [0x00000000d6b80000,0x00000000d6b80000,0x00000000d7100000)
 ParOldGen       total 68608K, used 16594K [0x0000000080000000, 0x0000000084300000, 0x00000000d5580000)
  object space 68608K, 24% used [0x0000000080000000,0x0000000081034a78,0x0000000084300000)
 Metaspace       used 11563K, committed 12160K, reserved 1114112K
  class space    used 1012K, committed 1280K, reserved 1048576K
}
Event: 2.322 GC heap before
{Heap before GC invocations=11 (full 0):
 PSYoungGen      total 24064K, used 24042K [0x00000000d5580000, 0x00000000d7680000, 0x0000000100000000)
  eden space 22528K, 100% used [0x00000000d5580000,0x00000000d6b80000,0x00000000d6b80000)
  from space 1536K, 98% used [0x00000000d7180000,0x00000000d72faa38,0x00000000d7300000)
  to   space 5632K, 0% used [0x00000000d6b80000,0x00000000d6b80000,0x00000000d7100000)
 ParOldGen       total 68608K, used 16594K [0x0000000080000000, 0x0000000084300000, 0x00000000d5580000)
  object space 68608K, 24% used [0x0000000080000000,0x0000000081034a78,0x0000000084300000)
 Metaspace       used 11782K, committed 12416K, reserved 1114112K
  class space    used 1040K, committed 1280K, reserved 1048576K
}
Event: 2.327 GC heap after
{Heap after GC invocations=11 (full 0):
 PSYoungGen      total 24064K, used 1723K [0x00000000d5580000, 0x00000000d7200000, 0x0000000100000000)
  eden space 22016K, 0% used [0x00000000d5580000,0x00000000d5580000,0x00000000d6b00000)
  from space 2048K, 84% used [0x00000000d6b80000,0x00000000d6d2eea0,0x00000000d6d80000)
  to   space 3072K, 0% used [0x00000000d6f00000,0x00000000d6f00000,0x00000000d7200000)
 ParOldGen       total 68608K, used 18113K [0x0000000080000000, 0x0000000084300000, 0x00000000d5580000)
  object space 68608K, 26% used [0x0000000080000000,0x00000000811b05c8,0x0000000084300000)
 Metaspace       used 11782K, committed 12416K, reserved 1114112K
  class space    used 1040K, committed 1280K, reserved 1048576K
}
Event: 2.425 GC heap before
{Heap before GC invocations=12 (full 0):
 PSYoungGen      total 24064K, used 23633K [0x00000000d5580000, 0x00000000d7200000, 0x0000000100000000)
  eden space 22016K, 99% used [0x00000000d5580000,0x00000000d6ae5910,0x00000000d6b00000)
  from space 2048K, 84% used [0x00000000d6b80000,0x00000000d6d2eea0,0x00000000d6d80000)
  to   space 3072K, 0% used [0x00000000d6f00000,0x00000000d6f00000,0x00000000d7200000)
 ParOldGen       total 68608K, used 18113K [0x0000000080000000, 0x0000000084300000, 0x00000000d5580000)
  object space 68608K, 26% used [0x0000000080000000,0x00000000811b05c8,0x0000000084300000)
 Metaspace       used 12103K, committed 12800K, reserved 1114112K
  class space    used 1084K, committed 1344K, reserved 1048576K
}
Event: 2.429 GC heap after
{Heap after GC invocations=12 (full 0):
 PSYoungGen      total 23040K, used 901K [0x00000000d5580000, 0x00000000d7000000, 0x0000000100000000)
  eden space 22016K, 0% used [0x00000000d5580000,0x00000000d5580000,0x00000000d6b00000)
  from space 1024K, 88% used [0x00000000d6f00000,0x00000000d6fe17e8,0x00000000d7000000)
  to   space 1536K, 0% used [0x00000000d6d00000,0x00000000d6d00000,0x00000000d6e80000)
 ParOldGen       total 68608K, used 19633K [0x0000000080000000, 0x0000000084300000, 0x00000000d5580000)
  object space 68608K, 28% used [0x0000000080000000,0x000000008132c5c8,0x0000000084300000)
 Metaspace       used 12103K, committed 12800K, reserved 1114112K
  class space    used 1084K, committed 1344K, reserved 1048576K
}
Event: 2.556 GC heap before
{Heap before GC invocations=13 (full 0):
 PSYoungGen      total 23040K, used 22917K [0x00000000d5580000, 0x00000000d7000000, 0x0000000100000000)
  eden space 22016K, 100% used [0x00000000d5580000,0x00000000d6b00000,0x00000000d6b00000)
  from space 1024K, 88% used [0x00000000d6f00000,0x00000000d6fe17e8,0x00000000d7000000)
  to   space 1536K, 0% used [0x00000000d6d00000,0x00000000d6d00000,0x00000000d6e80000)
 ParOldGen       total 68608K, used 19633K [0x0000000080000000, 0x0000000084300000, 0x00000000d5580000)
  object space 68608K, 28% used [0x0000000080000000,0x000000008132c5c8,0x0000000084300000)
 Metaspace       used 12383K, committed 13056K, reserved 1114112K
  class space    used 1102K, committed 1344K, reserved 1048576K
}
Event: 2.569 GC heap after
{Heap after GC invocations=13 (full 0):
 PSYoungGen      total 23552K, used 1049K [0x00000000d5580000, 0x00000000d6f80000, 0x0000000100000000)
  eden space 22016K, 0% used [0x00000000d5580000,0x00000000d5580000,0x00000000d6b00000)
  from space 1536K, 68% used [0x00000000d6d00000,0x00000000d6e06470,0x00000000d6e80000)
  to   space 1024K, 0% used [0x00000000d6e80000,0x00000000d6e80000,0x00000000d6f80000)
 ParOldGen       total 68608K, used 20315K [0x0000000080000000, 0x0000000084300000, 0x00000000d5580000)
  object space 68608K, 29% used [0x0000000080000000,0x00000000813d6cd0,0x0000000084300000)
 Metaspace       used 12383K, committed 13056K, reserved 1114112K
  class space    used 1102K, committed 1344K, reserved 1048576K
}
Event: 2.767 GC heap before
{Heap before GC invocations=14 (full 0):
 PSYoungGen      total 23552K, used 23065K [0x00000000d5580000, 0x00000000d6f80000, 0x0000000100000000)
  eden space 22016K, 100% used [0x00000000d5580000,0x00000000d6b00000,0x00000000d6b00000)
  from space 1536K, 68% used [0x00000000d6d00000,0x00000000d6e06470,0x00000000d6e80000)
  to   space 1024K, 0% used [0x00000000d6e80000,0x00000000d6e80000,0x00000000d6f80000)
 ParOldGen       total 68608K, used 20315K [0x0000000080000000, 0x0000000084300000, 0x00000000d5580000)
  object space 68608K, 29% used [0x0000000080000000,0x00000000813d6cd0,0x0000000084300000)
 Metaspace       used 12755K, committed 13440K, reserved 1114112K
  class space    used 1119K, committed 1408K, reserved 1048576K
}
Event: 2.770 GC heap after
{Heap after GC invocations=14 (full 0):
 PSYoungGen      total 23040K, used 704K [0x00000000d5580000, 0x00000000d6f80000, 0x0000000100000000)
  eden space 22016K, 0% used [0x00000000d5580000,0x00000000d5580000,0x00000000d6b00000)
  from space 1024K, 68% used [0x00000000d6e80000,0x00000000d6f30000,0x00000000d6f80000)
  to   space 1024K, 0% used [0x00000000d6d80000,0x00000000d6d80000,0x00000000d6e80000)
 ParOldGen       total 68608K, used 21212K [0x0000000080000000, 0x0000000084300000, 0x00000000d5580000)
  object space 68608K, 30% used [0x0000000080000000,0x00000000814b7130,0x0000000084300000)
 Metaspace       used 12755K, committed 13440K, reserved 1114112K
  class space    used 1119K, committed 1408K, reserved 1048576K
}
Event: 2.891 GC heap before
{Heap before GC invocations=15 (full 0):
 PSYoungGen      total 23040K, used 22720K [0x00000000d5580000, 0x00000000d6f80000, 0x0000000100000000)
  eden space 22016K, 100% used [0x00000000d5580000,0x00000000d6b00000,0x00000000d6b00000)
  from space 1024K, 68% used [0x00000000d6e80000,0x00000000d6f30000,0x00000000d6f80000)
  to   space 1024K, 0% used [0x00000000d6d80000,0x00000000d6d80000,0x00000000d6e80000)
 ParOldGen       total 68608K, used 21212K [0x0000000080000000, 0x0000000084300000, 0x00000000d5580000)
  object space 68608K, 30% used [0x0000000080000000,0x00000000814b7130,0x0000000084300000)
 Metaspace       used 13104K, committed 13824K, reserved 1114112K
  class space    used 1145K, committed 1472K, reserved 1048576K
}
Event: 2.895 GC heap after
{Heap after GC invocations=15 (full 0):
 PSYoungGen      total 23040K, used 1014K [0x00000000d5580000, 0x00000000d7000000, 0x0000000100000000)
  eden space 22016K, 0% used [0x00000000d5580000,0x00000000d5580000,0x00000000d6b00000)
  from space 1024K, 99% used [0x00000000d6d80000,0x00000000d6e7d9e8,0x00000000d6e80000)
  to   space 1536K, 0% used [0x00000000d6e80000,0x00000000d6e80000,0x00000000d7000000)
 ParOldGen       total 68608K, used 22409K [0x0000000080000000, 0x0000000084300000, 0x00000000d5580000)
  object space 68608K, 32% used [0x0000000080000000,0x00000000815e2510,0x0000000084300000)
 Metaspace       used 13104K, committed 13824K, reserved 1114112K
  class space    used 1145K, committed 1472K, reserved 1048576K
}
Event: 3.266 GC heap before
{Heap before GC invocations=16 (full 0):
 PSYoungGen      total 23040K, used 23030K [0x00000000d5580000, 0x00000000d7000000, 0x0000000100000000)
  eden space 22016K, 100% used [0x00000000d5580000,0x00000000d6b00000,0x00000000d6b00000)
  from space 1024K, 99% used [0x00000000d6d80000,0x00000000d6e7d9e8,0x00000000d6e80000)
  to   space 1536K, 0% used [0x00000000d6e80000,0x00000000d6e80000,0x00000000d7000000)
 ParOldGen       total 68608K, used 22409K [0x0000000080000000, 0x0000000084300000, 0x00000000d5580000)
  object space 68608K, 32% used [0x0000000080000000,0x00000000815e2510,0x0000000084300000)
 Metaspace       used 14011K, committed 14720K, reserved 1114112K
  class space    used 1261K, committed 1600K, reserved 1048576K
}
Event: 3.273 GC heap after
{Heap after GC invocations=16 (full 0):
 PSYoungGen      total 23552K, used 1536K [0x00000000d5580000, 0x00000000d7100000, 0x0000000100000000)
  eden space 22016K, 0% used [0x00000000d5580000,0x00000000d5580000,0x00000000d6b00000)
  from space 1536K, 100% used [0x00000000d6e80000,0x00000000d7000000,0x00000000d7000000)
  to   space 3072K, 0% used [0x00000000d6b00000,0x00000000d6b00000,0x00000000d6e00000)
 ParOldGen       total 68608K, used 23513K [0x0000000080000000, 0x0000000084300000, 0x00000000d5580000)
  object space 68608K, 34% used [0x0000000080000000,0x00000000816f6510,0x0000000084300000)
 Metaspace       used 14011K, committed 14720K, reserved 1114112K
  class space    used 1261K, committed 1600K, reserved 1048576K
}

